2024-07-28 21:24:31 Loading main app package /usr/lib/obsidian/obsidian.asar
2024-07-28 21:24:32 Checking for update using Github
2024-07-28 21:24:32 Success.
2024-07-28 21:24:32 Latest version is 1.6.7
2024-07-28 21:24:32 App is up to date.
2024-07-28 21:28:48 Loading main app package /usr/lib/obsidian/obsidian.asar
2024-07-28 21:28:48 Checking for update using Github
2024-07-28 21:28:48 Success.
2024-07-28 21:28:48 Latest version is 1.6.7
2024-07-28 21:28:48 App is up to date.
2024-07-28 22:10:37 Loading main app package /usr/lib/obsidian/obsidian.asar
2024-07-28 22:10:37 Checking for update using Github
2024-07-28 22:10:37 Success.
2024-07-28 22:10:37 Latest version is 1.6.7
2024-07-28 22:10:37 App is up to date.
2024-07-28 22:13:11 Loading main app package /usr/lib/obsidian/obsidian.asar
2024-07-28 22:13:11 Checking for update using Github
2024-07-28 22:13:11 Success.
2024-07-28 22:13:11 Latest version is 1.6.7
2024-07-28 22:13:11 App is up to date.
2024-07-28 22:15:09 Loading main app package /usr/lib/obsidian/obsidian.asar
2024-07-28 22:15:09 Checking for update using Github
2024-07-28 22:15:09 Success.
2024-07-28 22:15:09 Latest version is 1.6.7
2024-07-28 22:15:09 App is up to date.
2024-08-01 11:04:24 Loading main app package /usr/lib/obsidian/obsidian.asar
2024-08-01 11:04:24 Checking for update using Github
2024-08-01 11:04:30 Success.
2024-08-01 11:04:30 Latest version is 1.6.7
2024-08-01 11:04:30 App is up to date.
2024-08-01 11:17:22 Loading main app package /usr/lib/obsidian/obsidian.asar
2024-08-01 11:17:22 Checking for update using Github
2024-08-01 11:17:23 Success.
2024-08-01 11:17:23 Latest version is 1.6.7
2024-08-01 11:17:23 App is up to date.
2024-08-01 12:17:22 Checking for update using Github
2024-08-01 12:17:22 Success.
2024-08-01 12:17:22 Latest version is 1.6.7
2024-08-01 12:17:22 App is up to date.
2024-08-01 17:21:46 Loading main app package /usr/lib/obsidian/obsidian.asar
2024-08-01 17:21:46 Checking for update using Github
2024-08-01 17:21:47 Success.
2024-08-01 17:21:47 Latest version is 1.6.7
2024-08-01 17:21:47 App is up to date.
2024-08-01 22:27:36 Loading main app package /usr/lib/obsidian/obsidian.asar
2024-08-01 22:27:36 Checking for update using Github
2024-08-01 22:27:36 Success.
2024-08-01 22:27:36 Latest version is 1.6.7
2024-08-01 22:27:36 App is up to date.
2024-08-01 23:27:36 Checking for update using Github
2024-08-01 23:27:36 Success.
2024-08-01 23:27:36 Latest version is 1.6.7
2024-08-01 23:27:36 App is up to date.
2024-08-03 08:22:10 Loading main app package /usr/lib/obsidian/obsidian.asar
2024-08-03 08:22:11 Checking for update using Github
2024-08-03 08:22:11 Success.
2024-08-03 08:22:11 Latest version is 1.6.7
2024-08-03 08:22:11 App is up to date.
